<?xml version="1.0" encoding="UTF-8"?>
<testsuite name="Google Play" tests="8" skipped="0" failures="0" errors="0" timestamp="2026-07-28T02:38:57" hostname="NITROV" time="0.015">
  <properties/>
  <testcase name="[1] status=SUBSCRIPTION_STATE_EXPIRED" classname="com.myotrack.domain.service.SubscriptionEntitlementTest$GooglePlay" time="0.001"/>
  <testcase name="[2] status=SUBSCRIPTION_STATE_ON_HOLD" classname="com.myotrack.domain.service.SubscriptionEntitlementTest$GooglePlay" time="0.001"/>
  <testcase name="[3] status=SUBSCRIPTION_STATE_PAUSED" classname="com.myotrack.domain.service.SubscriptionEntitlementTest$GooglePlay" time="0.001"/>
  <testcase name="[4] status=SUBSCRIPTION_STATE_PENDING" classname="com.myotrack.domain.service.SubscriptionEntitlementTest$GooglePlay" time="0.001"/>
  <testcase name="[1] status=SUBSCRIPTION_STATE_ACTIVE" classname="com.myotrack.domain.service.SubscriptionEntitlementTest$GooglePlay" time="0.001"/>
  <testcase name="[2] status=SUBSCRIPTION_STATE_IN_GRACE_PERIOD" classname="com.myotrack.domain.service.SubscriptionEntitlementTest$GooglePlay" time="0.001"/>
  <testcase name="[3] status=subscription_state_active" classname="com.myotrack.domain.service.SubscriptionEntitlementTest$GooglePlay" time="0.001"/>
  <testcase name="CANCELED ainda dá acesso — no Google significa 'não renova', não 'acabou'" classname="com.myotrack.domain.service.SubscriptionEntitlementTest$GooglePlay" time="0.001"/>
  <system-out><![CDATA[]]></system-out>
  <system-err><![CDATA[]]></system-err>
</testsuite>
