<?xml version="1.0" encoding="UTF-8"?>
<testsuite name="com.myotrack.domain.service.ProgressionCalculatorTest" tests="15" skipped="0" failures="0" errors="0" timestamp="2026-07-28T02:38:57" hostname="NITROV" time="0.155">
  <properties/>
  <testcase name="e1rmEpley()" classname="com.myotrack.domain.service.ProgressionCalculatorTest" time="0.049"/>
  <testcase name="[1] reps=13, load=100" classname="com.myotrack.domain.service.ProgressionCalculatorTest" time="0.028"/>
  <testcase name="[2] reps=0, load=100" classname="com.myotrack.domain.service.ProgressionCalculatorTest" time="0.001"/>
  <testcase name="[3] reps=8, load=0" classname="com.myotrack.domain.service.ProgressionCalculatorTest" time="0.001"/>
  <testcase name="[1] group=QUADRICEPS, expected=5" classname="com.myotrack.domain.service.ProgressionCalculatorTest" time="0.003"/>
  <testcase name="[2] group=GLUTES, expected=5" classname="com.myotrack.domain.service.ProgressionCalculatorTest" time="0.001"/>
  <testcase name="[3] group=LOWER_BACK, expected=5" classname="com.myotrack.domain.service.ProgressionCalculatorTest" time="0.001"/>
  <testcase name="[4] group=CHEST, expected=2.5" classname="com.myotrack.domain.service.ProgressionCalculatorTest" time="0.001"/>
  <testcase name="[5] group=BICEPS, expected=2.5" classname="com.myotrack.domain.service.ProgressionCalculatorTest" time="0.001"/>
  <testcase name="Uma repetição única já é o 1RM" classname="com.myotrack.domain.service.ProgressionCalculatorTest" time="0.001"/>
  <testcase name="belowMinimumSuggestsConsolidate()" classname="com.myotrack.domain.service.ProgressionCalculatorTest" time="0.007"/>
  <testcase name="noHistorySuggestsStart()" classname="com.myotrack.domain.service.ProgressionCalculatorTest" time="0.001"/>
  <testcase name="Todas as séries no teto da faixa sobem a carga e voltam ao piso de reps" classname="com.myotrack.domain.service.ProgressionCalculatorTest" time="0.001"/>
  <testcase name="Séries de aquecimento não bloqueiam a progressão" classname="com.myotrack.domain.service.ProgressionCalculatorTest" time="0.0"/>
  <testcase name="withinRangeSuggestsProgressReps()" classname="com.myotrack.domain.service.ProgressionCalculatorTest" time="0.0"/>
  <system-out><![CDATA[]]></system-out>
  <system-err><![CDATA[]]></system-err>
</testsuite>
