<?xml version="1.0" encoding="UTF-8"?>
<testsuite name="com.myotrack.infrastructure.identity.password.PasswordRulesTest$UserAttributeSimilarity" tests="11" skipped="0" failures="0" errors="0" timestamp="2026-07-28T02:38:59" hostname="NITROV" time="0.041">
  <properties/>
  <testcase name="quickRatioOfTwoEmptyStringsIsOne()" classname="com.myotrack.infrastructure.identity.password.PasswordRulesTest$UserAttributeSimilarity" time="0.003"/>
  <testcase name="[1] a=willian2024, b=willian, expected=0.777778" classname="com.myotrack.infrastructure.identity.password.PasswordRulesTest$UserAttributeSimilarity" time="0.016"/>
  <testcase name="[2] a=gmail123, b=gmail, expected=0.769231" classname="com.myotrack.infrastructure.identity.password.PasswordRulesTest$UserAttributeSimilarity" time="0.001"/>
  <testcase name="[3] a=tr0vao!verde9, b=willian, expected=0.100000" classname="com.myotrack.infrastructure.identity.password.PasswordRulesTest$UserAttributeSimilarity" time="0.001"/>
  <testcase name="[4] a=joaosilva, b=joao, expected=0.615385" classname="com.myotrack.infrastructure.identity.password.PasswordRulesTest$UserAttributeSimilarity" time="0.0"/>
  <testcase name="[5] a=abc123, b=321cba, expected=1.000000" classname="com.myotrack.infrastructure.identity.password.PasswordRulesTest$UserAttributeSimilarity" time="0.002"/>
  <testcase name="[6] a=x, b=abcdefghij, expected=0.000000" classname="com.myotrack.infrastructure.identity.password.PasswordRulesTest$UserAttributeSimilarity" time="0.001"/>
  <testcase name="ignoresAccountsWithoutEmailOrName()" classname="com.myotrack.infrastructure.identity.password.PasswordRulesTest$UserAttributeSimilarity" time="0.002"/>
  <testcase name="rejectsPasswordBuiltFromTheDisplayName()" classname="com.myotrack.infrastructure.identity.password.PasswordRulesTest$UserAttributeSimilarity" time="0.001"/>
  <testcase name="acceptsPasswordUnrelatedToTheAccount()" classname="com.myotrack.infrastructure.identity.password.PasswordRulesTest$UserAttributeSimilarity" time="0.001"/>
  <testcase name="rejectsPasswordBuiltFromTheEmailLocalPart()" classname="com.myotrack.infrastructure.identity.password.PasswordRulesTest$UserAttributeSimilarity" time="0.002"/>
  <system-out><![CDATA[]]></system-out>
  <system-err><![CDATA[]]></system-err>
</testsuite>
