<?xml version="1.0" encoding="UTF-8"?>
<testsuite name="com.myotrack.infrastructure.identity.password.AspNetIdentityPasswordEncoderTest" tests="12" skipped="0" failures="0" errors="0" timestamp="2026-07-28T02:38:58" hostname="NITROV" time="1.312">
  <properties/>
  <testcase name="O hash gerado aqui tem o cabeçalho V3 esperado e é reversível" classname="com.myotrack.infrastructure.identity.password.AspNetIdentityPasswordEncoderTest" time="0.372"/>
  <testcase name="upgradeEncodingFlagsWeakerIterationCounts()" classname="com.myotrack.infrastructure.identity.password.AspNetIdentityPasswordEncoderTest" time="0.094"/>
  <testcase name="Senha com acento casa — prova que a codificação dos chars é UTF-8 nos dois lados" classname="com.myotrack.infrastructure.identity.password.AspNetIdentityPasswordEncoderTest" time="0.076"/>
  <testcase name="Hash V2 legado (PBKDF2-HMAC-SHA1, 1000 iterações) ainda é verificado" classname="com.myotrack.infrastructure.identity.password.AspNetIdentityPasswordEncoderTest" time="0.017"/>
  <testcase name="Salt aleatório: a mesma senha nunca gera o mesmo hash" classname="com.myotrack.infrastructure.identity.password.AspNetIdentityPasswordEncoderTest" time="0.19"/>
  <testcase name="rejectsWrongPassword()" classname="com.myotrack.infrastructure.identity.password.AspNetIdentityPasswordEncoderTest" time="0.176"/>
  <testcase name="Verifica hash V3 com PRF diferente do padrão, lendo os parâmetros embutidos" classname="com.myotrack.infrastructure.identity.password.AspNetIdentityPasswordEncoderTest" time="0.023"/>
  <testcase name="[1] password=Tr0vao!Verde9, hash=AQAAAAIAAYagAAAAECvel98b9kF9AbS42EjaghYAZgW9wZSuOqzeuFtrZpjy+aFyHKNbNgk0pLNs9SCggg==" classname="com.myotrack.infrastructure.identity.password.AspNetIdentityPasswordEncoderTest" time="0.11"/>
  <testcase name="[2] password=Cachorro#Azul42, hash=AQAAAAIAAYagAAAAEH6k6/GUM1roWe5/202e+8deC85MWJEn6EPbuRg4X3ari7IAY6yTUXAGslcSD4a/ow==" classname="com.myotrack.infrastructure.identity.password.AspNetIdentityPasswordEncoderTest" time="0.101"/>
  <testcase name="[3] password=Senha@123, hash=AQAAAAIAAYagAAAAEKAqBLquz8ODCTs/CGLoEp6E2TfPPJk+Q+/lD9bzYRGt0ntJc1amHxj8e8rMjgOz4A==" classname="com.myotrack.infrastructure.identity.password.AspNetIdentityPasswordEncoderTest" time="0.131"/>
  <testcase name="rejectsMalformedHashInsteadOfThrowing()" classname="com.myotrack.infrastructure.identity.password.AspNetIdentityPasswordEncoderTest" time="0.01"/>
  <testcase name="Conta sem senha (login com Google) não casa com senha nenhuma" classname="com.myotrack.infrastructure.identity.password.AspNetIdentityPasswordEncoderTest" time="0.001"/>
  <system-out><![CDATA[23:38:59.889 [Test worker] WARN com.myotrack.infrastructure.identity.password.AspNetIdentityPasswordEncoder -- PasswordHash não é Base64 válido; tratando como senha incorreta.
23:38:59.894 [Test worker] WARN com.myotrack.infrastructure.identity.password.AspNetIdentityPasswordEncoder -- Marcador de formato desconhecido (0x2) no PasswordHash.
]]></system-out>
  <system-err><![CDATA[]]></system-err>
</testsuite>
