<?xml version="1.0" encoding="UTF-8"?>
<testsuite name="com.myotrack.infrastructure.seed.WorkoutRuleEngineTest" tests="16" skipped="0" failures="0" errors="0" timestamp="2026-07-28T02:39:00" hostname="NITROV" time="0.043">
  <properties/>
  <testcase name="[1] group=FOREARMS" classname="com.myotrack.infrastructure.seed.WorkoutRuleEngineTest" time="0.002"/>
  <testcase name="[2] group=CALVES" classname="com.myotrack.infrastructure.seed.WorkoutRuleEngineTest" time="0.002"/>
  <testcase name="[3] group=LOWER_BACK" classname="com.myotrack.infrastructure.seed.WorkoutRuleEngineTest" time="0.003"/>
  <testcase name="[4] group=TRAPS" classname="com.myotrack.infrastructure.seed.WorkoutRuleEngineTest" time="0.002"/>
  <testcase name="beginnerHasFewerExercisesThanAdvanced()" classname="com.myotrack.infrastructure.seed.WorkoutRuleEngineTest" time="0.002"/>
  <testcase name="goalDefinesRepRangeAndRest()" classname="com.myotrack.infrastructure.seed.WorkoutRuleEngineTest" time="0.001"/>
  <testcase name="[1] days=2, expectedSplit=FullBody, expectedDayCount=2" classname="com.myotrack.infrastructure.seed.WorkoutRuleEngineTest" time="0.003"/>
  <testcase name="[2] days=3, expectedSplit=ABC, expectedDayCount=3" classname="com.myotrack.infrastructure.seed.WorkoutRuleEngineTest" time="0.001"/>
  <testcase name="[3] days=4, expectedSplit=ABCD, expectedDayCount=4" classname="com.myotrack.infrastructure.seed.WorkoutRuleEngineTest" time="0.001"/>
  <testcase name="[4] days=5, expectedSplit=PPL, expectedDayCount=5" classname="com.myotrack.infrastructure.seed.WorkoutRuleEngineTest" time="0.0"/>
  <testcase name="[5] days=6, expectedSplit=PPL, expectedDayCount=5" classname="com.myotrack.infrastructure.seed.WorkoutRuleEngineTest" time="0.001"/>
  <testcase name="Dias full-body ficam em 1 exercício por grupo" classname="com.myotrack.infrastructure.seed.WorkoutRuleEngineTest" time="0.004"/>
  <testcase name="noDuplicateExerciseWithinSameDay()" classname="com.myotrack.infrastructure.seed.WorkoutRuleEngineTest" time="0.001"/>
  <testcase name="priorityGroupGetsExtraExercise()" classname="com.myotrack.infrastructure.seed.WorkoutRuleEngineTest" time="0.003"/>
  <testcase name="equipmentFilterOnlyAllowedEquipmentOrBodyweight()" classname="com.myotrack.infrastructure.seed.WorkoutRuleEngineTest" time="0.001"/>
  <testcase name="Tags de lesão excluem os exercícios contraindicados" classname="com.myotrack.infrastructure.seed.WorkoutRuleEngineTest" time="0.001"/>
  <system-out><![CDATA[]]></system-out>
  <system-err><![CDATA[]]></system-err>
</testsuite>
