<?xml version="1.0" encoding="UTF-8"?>
<testsuite name="com.myotrack.infrastructure.identity.password.PasswordRulesTest$CommonPasswords" tests="13" skipped="0" failures="0" errors="0" timestamp="2026-07-28T02:39:00" hostname="NITROV" time="0.138">
  <properties/>
  <testcase name="rejectionExplainsTheReason()" classname="com.myotrack.infrastructure.identity.password.PasswordRulesTest$CommonPasswords" time="0.001"/>
  <testcase name="[1] password=futebol" classname="com.myotrack.infrastructure.identity.password.PasswordRulesTest$CommonPasswords" time="0.001"/>
  <testcase name="[2] password=corinthians" classname="com.myotrack.infrastructure.identity.password.PasswordRulesTest$CommonPasswords" time="0.001"/>
  <testcase name="[3] password=senha1234" classname="com.myotrack.infrastructure.identity.password.PasswordRulesTest$CommonPasswords" time="0.0"/>
  <testcase name="[4] password=supino" classname="com.myotrack.infrastructure.identity.password.PasswordRulesTest$CommonPasswords" time="0.001"/>
  <testcase name="[1] password=Tr0vao!Verde9" classname="com.myotrack.infrastructure.identity.password.PasswordRulesTest$CommonPasswords" time="0.001"/>
  <testcase name="[2] password=Cachorro#Azul42" classname="com.myotrack.infrastructure.identity.password.PasswordRulesTest$CommonPasswords" time="0.001"/>
  <testcase name="[1] password=password" classname="com.myotrack.infrastructure.identity.password.PasswordRulesTest$CommonPasswords" time="0.001"/>
  <testcase name="[2] password=123456789" classname="com.myotrack.infrastructure.identity.password.PasswordRulesTest$CommonPasswords" time="0.001"/>
  <testcase name="[3] password=qwerty" classname="com.myotrack.infrastructure.identity.password.PasswordRulesTest$CommonPasswords" time="0.001"/>
  <testcase name="[4] password=senha123" classname="com.myotrack.infrastructure.identity.password.PasswordRulesTest$CommonPasswords" time="0.001"/>
  <testcase name="[5] password=PassWord" classname="com.myotrack.infrastructure.identity.password.PasswordRulesTest$CommonPasswords" time="0.001"/>
  <testcase name="[6] password=  password  " classname="com.myotrack.infrastructure.identity.password.PasswordRulesTest$CommonPasswords" time="0.0"/>
  <system-out><![CDATA[]]></system-out>
  <system-err><![CDATA[]]></system-err>
</testsuite>
