<?xml version="1.0" encoding="UTF-8"?>
<testsuite name="com.myotrack.infrastructure.identity.password.PasswordRulesTest$Composition" tests="6" skipped="0" failures="0" errors="0" timestamp="2026-07-28T02:38:59" hostname="NITROV" time="0.009">
  <properties/>
  <testcase name="acceptsAWellFormedPassword()" classname="com.myotrack.infrastructure.identity.password.PasswordRulesTest$Composition" time="0.001"/>
  <testcase name="[1] password=Ab1!def, expectedCode=PasswordTooShort" classname="com.myotrack.infrastructure.identity.password.PasswordRulesTest$Composition" time="0.001"/>
  <testcase name="[2] password=abcdef1!, expectedCode=PasswordRequiresUpper" classname="com.myotrack.infrastructure.identity.password.PasswordRulesTest$Composition" time="0.0"/>
  <testcase name="[3] password=ABCDEF1!, expectedCode=PasswordRequiresLower" classname="com.myotrack.infrastructure.identity.password.PasswordRulesTest$Composition" time="0.001"/>
  <testcase name="[4] password=Abcdefg!, expectedCode=PasswordRequiresDigit" classname="com.myotrack.infrastructure.identity.password.PasswordRulesTest$Composition" time="0.0"/>
  <testcase name="[5] password=Abcdefg1, expectedCode=PasswordRequiresNonAlphanumeric" classname="com.myotrack.infrastructure.identity.password.PasswordRulesTest$Composition" time="0.0"/>
  <system-out><![CDATA[]]></system-out>
  <system-err><![CDATA[]]></system-err>
</testsuite>
