<?xml version="1.0" encoding="UTF-8"?>
<testsuite name="com.myotrack.infrastructure.identity.password.PasswordRulesTest$Policy" tests="3" skipped="0" failures="0" errors="0" timestamp="2026-07-28T02:38:59" hostname="NITROV" time="0.038">
  <properties/>
  <testcase name="Senha que passa na composição mas está na lista de vazadas é recusada" classname="com.myotrack.infrastructure.identity.password.PasswordRulesTest$Policy" time="0.014"/>
  <testcase name="reportsEveryFailureAtOnce()" classname="com.myotrack.infrastructure.identity.password.PasswordRulesTest$Policy" time="0.001"/>
  <testcase name="acceptsAStrongUnrelatedPassword()" classname="com.myotrack.infrastructure.identity.password.PasswordRulesTest$Policy" time="0.001"/>
  <system-out><![CDATA[]]></system-out>
  <system-err><![CDATA[]]></system-err>
</testsuite>
