<?xml version="1.0" encoding="UTF-8"?>
<testsuite name="com.myotrack.api.auth.AppleOAuthServiceTest" tests="11" skipped="0" failures="0" errors="0" timestamp="2026-07-28T02:58:46" hostname="NITROV" time="0.247">
  <properties/>
  <testcase name="Token de outro app é recusado — impede reaproveitar token de terceiros" classname="com.myotrack.api.auth.AppleOAuthServiceTest" time="0.124"/>
  <testcase name="Token de outro emissor é recusado" classname="com.myotrack.api.auth.AppleOAuthServiceTest" time="0.005"/>
  <testcase name="Múltiplos audiences convivem; entradas em branco são descartadas" classname="com.myotrack.api.auth.AppleOAuthServiceTest" time="0.011"/>
  <testcase name="E-mail de relay da Apple é um endereço válido como qualquer outro" classname="com.myotrack.api.auth.AppleOAuthServiceTest" time="0.007"/>
  <testcase name="Token assinado por outra chave é recusado" classname="com.myotrack.api.auth.AppleOAuthServiceTest" time="0.076"/>
  <testcase name="Token válido devolve a identidade com provider Apple" classname="com.myotrack.api.auth.AppleOAuthServiceTest" time="0.004"/>
  <testcase name="Sem audiences configurados o recurso fica desligado" classname="com.myotrack.api.auth.AppleOAuthServiceTest" time="0.002"/>
  <testcase name="email_verified como string &quot;true&quot; é aceito — a Apple alterna entre os dois formatos" classname="com.myotrack.api.auth.AppleOAuthServiceTest" time="0.002"/>
  <testcase name="rejectsExpiredToken()" classname="com.myotrack.api.auth.AppleOAuthServiceTest" time="0.002"/>
  <testcase name="Nome ausente vira null — a Apple só o envia na primeira autorização" classname="com.myotrack.api.auth.AppleOAuthServiceTest" time="0.004"/>
  <testcase name="Sem e-mail verificado o login é recusado" classname="com.myotrack.api.auth.AppleOAuthServiceTest" time="0.005"/>
  <system-out><![CDATA[Standard Commons Logging discovery in action with spring-jcl: please remove commons-logging.jar from classpath in order to avoid potential conflicts
]]></system-out>
  <system-err><![CDATA[]]></system-err>
</testsuite>
